Using pre-set license
Built from '2020.3/staging' branch; Version is '2020.3.0f1 (c7b5465681fb) revision 13088070'; Using compiler version '192528614'; Build Type 'Release'
OS: 'Windows 10 Home; OS build 19044.2251; Version 2009; 64bit' Language: 'en' Physical Memory: 7541 MB
BatchMode: 1, IsHumanControllingUs: 0, StartBugReporterOnCrash: 0, Is64bit: 1, IsPro: 0

 COMMAND LINE ARGUMENTS:
C:\Program Files\Unity\Editor\Unity.exe
-adb2
-batchMode
-noUpm
-name
AssetImportWorker0
-projectPath
C:/Users/Slightly Even/Documents/Unity projects/Hayrise project
-logFile
Logs/AssetImportWorker0.log
-srvPort
64614
Successfully changed project path to: C:/Users/Slightly Even/Documents/Unity projects/Hayrise project
C:/Users/Slightly Even/Documents/Unity projects/Hayrise project
Using Asset Import Pipeline V2.
Refreshing native plugins compatible for Editor in 32.99 ms, found 0 plugins.
Preloading 0 native plugins for Editor in 0.00 ms.
Initialize engine version: 2020.3.0f1 (c7b5465681fb)
[Subsystems] Discovering subsystems at path C:/Program Files/Unity/Editor/Data/Resources/UnitySubsystems
[Subsystems] Discovering subsystems at path C:/Users/Slightly Even/Documents/Unity projects/Hayrise project/Assets
GfxDevice: creating device client; threaded=0
Direct3D:
    Version:  Direct3D 11.0 [level 11.1]
    Renderer: AMD Radeon(TM) Graphics (ID=0x1636)
    Vendor:   
    VRAM:     3770 MB
    Driver:   27.20.11044.7
Initialize mono
Mono path[0] = 'C:/Program Files/Unity/Editor/Data/Managed'
Mono path[1] = 'C:/Program Files/Unity/Editor/Data/MonoBleedingEdge/lib/mono/unityjit'
Mono config path = 'C:/Program Files/Unity/Editor/Data/MonoBleedingEdge/etc'
Using monoOptions --debugger-agent=transport=dt_socket,embedding=1,server=y,suspend=n,address=127.0.0.1:56812
Begin MonoManager ReloadAssembly
Registering precompiled unity dll's ...
Register platform support module: C:/Program Files/Unity/Editor/Data/PlaybackEngines/WebGLSupport/UnityEditor.WebGL.Extensions.dll
Register platform support module: C:/Program Files/Unity/Editor/Data/PlaybackEngines/WindowsStandaloneSupport/UnityEditor.WindowsStandalone.Extensions.dll
Registered in 0.007738 seconds.
Native extension for WindowsStandalone target not found
Native extension for WebGL target not found
Refreshing native plugins compatible for Editor in 31.33 ms, found 0 plugins.
Preloading 0 native plugins for Editor in 0.00 ms.
Invoked RoslynAnalysisRunner static constructor.
RoslynAnalysisRunner will not be running.
RoslynAnalysisRunner has terminated.
Mono: successfully reloaded assembly
- Completed reload, in  2.484 seconds
Platform modules already initialized, skipping
Registering precompiled user dll's ...
Registered in 0.003765 seconds.
Begin MonoManager ReloadAssembly
Native extension for WindowsStandalone target not found
Native extension for WebGL target not found
Refreshing native plugins compatible for Editor in 0.32 ms, found 0 plugins.
Preloading 0 native plugins for Editor in 0.00 ms.
Invoked RoslynAnalysisRunner static constructor.
RoslynAnalysisRunner will not be running.
RoslynAnalysisRunner has terminated.
Mono: successfully reloaded assembly
- Completed reload, in  0.991 seconds
Platform modules already initialized, skipping
========================================================================
Worker process is ready to serve import requests
Launched and connected shader compiler UnityShaderCompiler.exe after 0.08 seconds
Refreshing native plugins compatible for Editor in 0.59 ms, found 0 plugins.
Preloading 0 native plugins for Editor in 0.00 ms.
Unloading 1164 Unused Serialized files (Serialized files now loaded: 0)
System memory in use before: 61.1 MB.
System memory in use after: 61.1 MB.

Unloading 10 unused Assets to reduce memory usage. Loaded Objects now: 1609.
Total: 3.493100 ms (FindLiveObjects: 0.683300 ms CreateObjectMapping: 0.208700 ms MarkObjects: 2.483100 ms  DeleteObjects: 0.113800 ms)

========================================================================
Received Import Request.
  path: Assets/UI/The Floaty Boat.png
  artifactKey: Guid(f941f3dbf03103d41bc990ce61072216) Importer(815301076,1909f56bfc062723c751e8b465ee728b)
Start importing Assets/UI/The Floaty Boat.png using Guid(f941f3dbf03103d41bc990ce61072216) Importer(815301076,1909f56bfc062723c751e8b465ee728b)  -> (artifact id: '4f6fa548a422f7f7473c5592f9408228') in 0.262115 seconds
  Import took 0.268826 seconds .

========================================================================
Received Import Request.
  Time since last request: 0.001121 seconds.
  path: Assets/UI/SplashScreen.png
  artifactKey: Guid(5e77cd7be48b7074fbb52a35b0de79f2) Importer(815301076,1909f56bfc062723c751e8b465ee728b)
Start importing Assets/UI/SplashScreen.png using Guid(5e77cd7be48b7074fbb52a35b0de79f2) Importer(815301076,1909f56bfc062723c751e8b465ee728b)  -> (artifact id: '356367494c160bf6c5b289328af93eb8') in 0.027831 seconds
  Import took 0.033379 seconds .

========================================================================
Received Import Request.
  Time since last request: 0.000613 seconds.
  path: Assets/UI/The Floaty Boat.png
  artifactKey: Guid(f941f3dbf03103d41bc990ce61072216) Importer(815301076,1909f56bfc062723c751e8b465ee728b)
Start importing Assets/UI/The Floaty Boat.png using Guid(f941f3dbf03103d41bc990ce61072216) Importer(815301076,1909f56bfc062723c751e8b465ee728b)  -> (artifact id: '4f6fa548a422f7f7473c5592f9408228') in 0.031909 seconds
  Import took 0.036584 seconds .

========================================================================
Received Import Request.
  Time since last request: 0.000279 seconds.
  path: Assets/UI/SplashScreen.png
  artifactKey: Guid(5e77cd7be48b7074fbb52a35b0de79f2) Importer(815301076,1909f56bfc062723c751e8b465ee728b)
Start importing Assets/UI/SplashScreen.png using Guid(5e77cd7be48b7074fbb52a35b0de79f2) Importer(815301076,1909f56bfc062723c751e8b465ee728b)  -> (artifact id: '356367494c160bf6c5b289328af93eb8') in 0.022733 seconds
  Import took 0.026218 seconds .

========================================================================
Received Import Request.
  Time since last request: 2.527667 seconds.
  path: Packages/com.unity.collab-proxy/Editor/Assets/Icons/conflicted-file-light.png
  artifactKey: Guid(159b6ffcecc70b54a991cab02c8be883) Importer(815301076,1909f56bfc062723c751e8b465ee728b)
Start importing Packages/com.unity.collab-proxy/Editor/Assets/Icons/conflicted-file-light.png using Guid(159b6ffcecc70b54a991cab02c8be883) Importer(815301076,1909f56bfc062723c751e8b465ee728b)  -> (artifact id: 'dccf9628a67a5bd39da5d326e699e63c') in 0.019617 seconds
  Import took 0.023917 seconds .

========================================================================
Received Import Request.
  Time since last request: 0.000319 seconds.
  path: Packages/com.unity.timeline/Editor/StyleSheets/Images/Icons/d_TimelineDigIn.png
  artifactKey: Guid(22c3c381bd3cd4a40a8541103023e1ef) Importer(815301076,1909f56bfc062723c751e8b465ee728b)
Start importing Packages/com.unity.timeline/Editor/StyleSheets/Images/Icons/d_TimelineDigIn.png using Guid(22c3c381bd3cd4a40a8541103023e1ef) Importer(815301076,1909f56bfc062723c751e8b465ee728b)  -> (artifact id: 'af9ab097b2bf464b4caddc0b28f1c197') in 0.025888 seconds
  Import took 0.031336 seconds .

========================================================================
Received Import Request.
  Time since last request: 0.000321 seconds.
  path: Packages/com.unity.collab-proxy/Editor/Assets/Icons/conflicted-file-light@2x.png
  artifactKey: Guid(0365b40fda51ad5499dfe50b036adb1b) Importer(815301076,1909f56bfc062723c751e8b465ee728b)
Start importing Packages/com.unity.collab-proxy/Editor/Assets/Icons/conflicted-file-light@2x.png using Guid(0365b40fda51ad5499dfe50b036adb1b) Importer(815301076,1909f56bfc062723c751e8b465ee728b)  -> (artifact id: 'ee613e4c0b237f0b6384919ae098c626') in 0.020353 seconds
  Import took 0.023789 seconds .

========================================================================
Received Import Request.
  Time since last request: 0.000514 seconds.
  path: Packages/com.unity.timeline/Editor/StyleSheets/Images/Icons/d_TimelineEditModeMixOFF.png
  artifactKey: Guid(39d9575ed0465354cb02b69ea18526de) Importer(815301076,1909f56bfc062723c751e8b465ee728b)
Start importing Packages/com.unity.timeline/Editor/StyleSheets/Images/Icons/d_TimelineEditModeMixOFF.png using Guid(39d9575ed0465354cb02b69ea18526de) Importer(815301076,1909f56bfc062723c751e8b465ee728b)  -> (artifact id: '3d384781587a25daca241faee46384ae') in 0.014263 seconds
  Import took 0.018155 seconds .

========================================================================
Received Import Request.
  Time since last request: 0.000608 seconds.
  path: Assets/UI/cursor.png
  artifactKey: Guid(7c9c16cf3481e964399017d9a111a54a) Importer(815301076,1909f56bfc062723c751e8b465ee728b)
Start importing Assets/UI/cursor.png using Guid(7c9c16cf3481e964399017d9a111a54a) Importer(815301076,1909f56bfc062723c751e8b465ee728b)  -> (artifact id: 'a2edc615b6e48ffdec11c54cb6858c9d') in 0.019794 seconds
  Import took 0.024003 seconds .

========================================================================
Received Import Request.
  Time since last request: 0.000438 seconds.
  path: Packages/com.unity.timeline/Editor/StyleSheets/Images/Icons/d_TimelineCollapseMarkerButtonDisabled.png
  artifactKey: Guid(40947ddc2dd4f0d499a92d0f3675c4e8) Importer(815301076,1909f56bfc062723c751e8b465ee728b)
Start importing Packages/com.unity.timeline/Editor/StyleSheets/Images/Icons/d_TimelineCollapseMarkerButtonDisabled.png using Guid(40947ddc2dd4f0d499a92d0f3675c4e8) Importer(815301076,1909f56bfc062723c751e8b465ee728b)  -> (artifact id: 'a57ee2f832f0654106419140b73af0a3') in 0.018719 seconds
  Import took 0.022124 seconds .

========================================================================
Received Import Request.
  Time since last request: 0.000289 seconds.
  path: Packages/com.unity.timeline/Editor/StyleSheets/Images/Icons/d_TimelineCollapseMarkerButtonEnabled.png
  artifactKey: Guid(2446ee609b613cd4e9142ccc55cb7c43) Importer(815301076,1909f56bfc062723c751e8b465ee728b)
Start importing Packages/com.unity.timeline/Editor/StyleSheets/Images/Icons/d_TimelineCollapseMarkerButtonEnabled.png using Guid(2446ee609b613cd4e9142ccc55cb7c43) Importer(815301076,1909f56bfc062723c751e8b465ee728b)  -> (artifact id: '920ca50afddc43a8b95db796b894a94f') in 0.018902 seconds
  Import took 0.023097 seconds .

========================================================================
Received Import Request.
  Time since last request: 0.000501 seconds.
  path: Packages/com.unity.collab-proxy/Editor/Assets/Icons/conflicted-file-light.png
  artifactKey: Guid(159b6ffcecc70b54a991cab02c8be883) Importer(815301076,1909f56bfc062723c751e8b465ee728b)
Start importing Packages/com.unity.collab-proxy/Editor/Assets/Icons/conflicted-file-light.png using Guid(159b6ffcecc70b54a991cab02c8be883) Importer(815301076,1909f56bfc062723c751e8b465ee728b)  -> (artifact id: 'dccf9628a67a5bd39da5d326e699e63c') in 0.009986 seconds
  Import took 0.014186 seconds .

========================================================================
Received Import Request.
  Time since last request: 0.000592 seconds.
  path: Packages/com.unity.timeline/Editor/StyleSheets/Images/Icons/d_TimelineEditModeMixON.png
  artifactKey: Guid(7c681ffb5a436684fa3e98a9b66775c0) Importer(815301076,1909f56bfc062723c751e8b465ee728b)
Start importing Packages/com.unity.timeline/Editor/StyleSheets/Images/Icons/d_TimelineEditModeMixON.png using Guid(7c681ffb5a436684fa3e98a9b66775c0) Importer(815301076,1909f56bfc062723c751e8b465ee728b)  -> (artifact id: '017ae0fb5b7818d172e964c1840435c9') in 0.021549 seconds
  Import took 0.025399 seconds .

========================================================================
Received Import Request.
  Time since last request: 0.000232 seconds.
  path: Packages/com.unity.timeline/Editor/StyleSheets/Images/Icons/d_TimelineEditModeReplaceOFF.png
  artifactKey: Guid(912fd71cbf4cbe140b4f240bedbc1f3e) Importer(815301076,1909f56bfc062723c751e8b465ee728b)
Start importing Packages/com.unity.timeline/Editor/StyleSheets/Images/Icons/d_TimelineEditModeReplaceOFF.png using Guid(912fd71cbf4cbe140b4f240bedbc1f3e) Importer(815301076,1909f56bfc062723c751e8b465ee728b)  -> (artifact id: 'f1d63b0c32054441f658e6b8415ef898') in 0.018508 seconds
  Import took 0.022629 seconds .

========================================================================
Received Import Request.
  Time since last request: 69.894838 seconds.
  path: Assets/UI/button.png
  artifactKey: Guid(3dcb02e4203804a44bec338d2fb50996) Importer(815301076,1909f56bfc062723c751e8b465ee728b)
Start importing Assets/UI/button.png using Guid(3dcb02e4203804a44bec338d2fb50996) Importer(815301076,1909f56bfc062723c751e8b465ee728b)  -> (artifact id: '5fd8f964d3c70691dba36bcf99364a3a') in 0.025221 seconds
  Import took 0.030244 seconds .

========================================================================
Received Import Request.
  Time since last request: 0.000254 seconds.
  path: Assets/UI/hudBackground.png
  artifactKey: Guid(08ebfe60d4724f941b4bbb99ad6d8367) Importer(815301076,1909f56bfc062723c751e8b465ee728b)
Start importing Assets/UI/hudBackground.png using Guid(08ebfe60d4724f941b4bbb99ad6d8367) Importer(815301076,1909f56bfc062723c751e8b465ee728b)  -> (artifact id: '8a8b96a8ab625140ba371a482190e74c') in 0.028958 seconds
  Import took 0.034270 seconds .

========================================================================
Received Import Request.
  Time since last request: 0.000214 seconds.
  path: Assets/UI/eventBar.png
  artifactKey: Guid(043a13a9999822a4eab6aaf074c95a49) Importer(815301076,1909f56bfc062723c751e8b465ee728b)
Start importing Assets/UI/eventBar.png using Guid(043a13a9999822a4eab6aaf074c95a49) Importer(815301076,1909f56bfc062723c751e8b465ee728b)  -> (artifact id: '7ca6eefb72ca2517e4138ddfa6a9e0ae') in 0.020771 seconds
  Import took 0.025239 seconds .

========================================================================
Received Import Request.
  Time since last request: 0.000587 seconds.
  path: Assets/UI/GameIcon.png
  artifactKey: Guid(005eb24f4987e674a8d8ab8786dd8022) Importer(815301076,1909f56bfc062723c751e8b465ee728b)
Start importing Assets/UI/GameIcon.png using Guid(005eb24f4987e674a8d8ab8786dd8022) Importer(815301076,1909f56bfc062723c751e8b465ee728b)  -> (artifact id: 'f1e533ce5a7b29f7e4e1f8101cb6091d') in 0.028325 seconds
  Import took 0.033549 seconds .

========================================================================
Received Import Request.
  Time since last request: 0.000246 seconds.
  path: Assets/UI/gameMenu.png
  artifactKey: Guid(68641ae49490c2a42a1d76ed963d114c) Importer(815301076,1909f56bfc062723c751e8b465ee728b)
Start importing Assets/UI/gameMenu.png using Guid(68641ae49490c2a42a1d76ed963d114c) Importer(815301076,1909f56bfc062723c751e8b465ee728b)  -> (artifact id: '03fce05d6787a16b0de71fdba23b8a55') in 0.025628 seconds
  Import took 0.030389 seconds .

========================================================================
Received Import Request.
  Time since last request: 0.000381 seconds.
  path: Assets/UI/MainMenu.png
  artifactKey: Guid(2e4861b089e7ff14a82bf5a3ae44a715) Importer(815301076,1909f56bfc062723c751e8b465ee728b)
Start importing Assets/UI/MainMenu.png using Guid(2e4861b089e7ff14a82bf5a3ae44a715) Importer(815301076,1909f56bfc062723c751e8b465ee728b)  -> (artifact id: 'bde8e6c615f1690670ec49fe6eff7b13') in 0.025447 seconds
  Import took 0.028593 seconds .

========================================================================
Received Import Request.
  Time since last request: 0.000257 seconds.
  path: Assets/UI/Tutorial.png
  artifactKey: Guid(fe592262531ebce43bc52409df02a5f5) Importer(815301076,1909f56bfc062723c751e8b465ee728b)
Start importing Assets/UI/Tutorial.png using Guid(fe592262531ebce43bc52409df02a5f5) Importer(815301076,1909f56bfc062723c751e8b465ee728b)  -> (artifact id: 'b673a7caac12aa7a400256a3c2c81a65') in 0.029976 seconds
  Import took 0.032565 seconds .

========================================================================
Received Import Request.
  Time since last request: 0.000347 seconds.
  path: Assets/UI/MainMenu.png
  artifactKey: Guid(2e4861b089e7ff14a82bf5a3ae44a715) Importer(815301076,1909f56bfc062723c751e8b465ee728b)
Start importing Assets/UI/MainMenu.png using Guid(2e4861b089e7ff14a82bf5a3ae44a715) Importer(815301076,1909f56bfc062723c751e8b465ee728b)  -> (artifact id: 'bde8e6c615f1690670ec49fe6eff7b13') in 0.024512 seconds
  Import took 0.028021 seconds .

========================================================================
Received Import Request.
  Time since last request: 0.000208 seconds.
  path: Assets/UI/Tutorial.png
  artifactKey: Guid(fe592262531ebce43bc52409df02a5f5) Importer(815301076,1909f56bfc062723c751e8b465ee728b)
Start importing Assets/UI/Tutorial.png using Guid(fe592262531ebce43bc52409df02a5f5) Importer(815301076,1909f56bfc062723c751e8b465ee728b)  -> (artifact id: 'b673a7caac12aa7a400256a3c2c81a65') in 0.020414 seconds
  Import took 0.024179 seconds .

========================================================================
Received Import Request.
  Time since last request: 0.000454 seconds.
  path: Assets/UI/Tutorial2.png
  artifactKey: Guid(77398dffe1c341d469d0af40b8c71c2c) Importer(815301076,1909f56bfc062723c751e8b465ee728b)
Start importing Assets/UI/Tutorial2.png using Guid(77398dffe1c341d469d0af40b8c71c2c) Importer(815301076,1909f56bfc062723c751e8b465ee728b)  -> (artifact id: '82b5ef147e586812eff3cf2e32d07869') in 0.036889 seconds
  Import took 0.040529 seconds .

========================================================================
Received Import Request.
  Time since last request: 0.000479 seconds.
  path: Assets/UI/Tutorial3.png
  artifactKey: Guid(749132661936a6e46a7e2dec1796c020) Importer(815301076,1909f56bfc062723c751e8b465ee728b)
Start importing Assets/UI/Tutorial3.png using Guid(749132661936a6e46a7e2dec1796c020) Importer(815301076,1909f56bfc062723c751e8b465ee728b)  -> (artifact id: '6c02d72ffe2f07fd6626f0657d481d58') in 0.029204 seconds
  Import took 0.032645 seconds .

========================================================================
Received Import Request.
  Time since last request: 6.195888 seconds.
  path: Assets/UI/cursor.png
  artifactKey: Guid(7c9c16cf3481e964399017d9a111a54a) Importer(815301076,1909f56bfc062723c751e8b465ee728b)
Start importing Assets/UI/cursor.png using Guid(7c9c16cf3481e964399017d9a111a54a) Importer(815301076,1909f56bfc062723c751e8b465ee728b)  -> (artifact id: '7fea85498af9849003740d3a3e1fd3cd') in 0.008849 seconds
  Import took 0.012928 seconds .

========================================================================
Received Prepare
Registering precompiled user dll's ...
Registered in 0.001062 seconds.
Begin MonoManager ReloadAssembly
Native extension for WindowsStandalone target not found
Native extension for WebGL target not found
Refreshing native plugins compatible for Editor in 0.25 ms, found 0 plugins.
Preloading 0 native plugins for Editor in 0.00 ms.
Invoked RoslynAnalysisRunner static constructor.
RoslynAnalysisRunner will not be running.
RoslynAnalysisRunner has terminated.
Mono: successfully reloaded assembly
- Completed reload, in  0.790 seconds
Platform modules already initialized, skipping
Refreshing native plugins compatible for Editor in 0.25 ms, found 0 plugins.
Preloading 0 native plugins for Editor in 0.00 ms.
Unloading 1145 Unused Serialized files (Serialized files now loaded: 0)
System memory in use before: 63.1 MB.
System memory in use after: 63.2 MB.

Unloading 5 unused Assets to reduce memory usage. Loaded Objects now: 1628.
Total: 2.152100 ms (FindLiveObjects: 0.267000 ms CreateObjectMapping: 0.074200 ms MarkObjects: 1.716600 ms  DeleteObjects: 0.092400 ms)

========================================================================
Received Import Request.
  Time since last request: 118.809936 seconds.
  path: Assets/Scenes/MainMenu.unity
  artifactKey: Guid(24eebd703fe15d34997d9ce0f0ede08e) Importer(815301076,1909f56bfc062723c751e8b465ee728b)
Start importing Assets/Scenes/MainMenu.unity using Guid(24eebd703fe15d34997d9ce0f0ede08e) Importer(815301076,1909f56bfc062723c751e8b465ee728b)  -> (artifact id: '14d986c19ef46c24e805295bc5b5ed88') in 0.015640 seconds
  Import took 0.023901 seconds .

========================================================================
Received Prepare
Registering precompiled user dll's ...
Registered in 0.000991 seconds.
Begin MonoManager ReloadAssembly
Native extension for WindowsStandalone target not found
Native extension for WebGL target not found
Refreshing native plugins compatible for Editor in 0.54 ms, found 0 plugins.
Preloading 0 native plugins for Editor in 0.00 ms.
Invoked RoslynAnalysisRunner static constructor.
RoslynAnalysisRunner will not be running.
RoslynAnalysisRunner has terminated.
Mono: successfully reloaded assembly
- Completed reload, in  0.760 seconds
Platform modules already initialized, skipping
Refreshing native plugins compatible for Editor in 0.26 ms, found 0 plugins.
Preloading 0 native plugins for Editor in 0.00 ms.
Unloading 1145 Unused Serialized files (Serialized files now loaded: 0)
System memory in use before: 63.2 MB.
System memory in use after: 63.2 MB.

Unloading 5 unused Assets to reduce memory usage. Loaded Objects now: 1631.
Total: 2.285900 ms (FindLiveObjects: 0.325600 ms CreateObjectMapping: 0.204000 ms MarkObjects: 1.688900 ms  DeleteObjects: 0.065300 ms)

========================================================================
Received Import Request.
  Time since last request: 1215.155055 seconds.
  path: Assets/Scenes/Map.unity
  artifactKey: Guid(9fc0d4010bbf28b4594072e72b8655ab) Importer(815301076,1909f56bfc062723c751e8b465ee728b)
Start importing Assets/Scenes/Map.unity using Guid(9fc0d4010bbf28b4594072e72b8655ab) Importer(815301076,1909f56bfc062723c751e8b465ee728b)  -> (artifact id: 'e97521fa6b49f59d4451b1f7c775b30f') in 0.016349 seconds
  Import took 0.019789 seconds .

========================================================================
Received Import Request.
  Time since last request: 38.871844 seconds.
  path: Assets/Scenes/MainMenu.unity
  artifactKey: Guid(24eebd703fe15d34997d9ce0f0ede08e) Importer(815301076,1909f56bfc062723c751e8b465ee728b)
Start importing Assets/Scenes/MainMenu.unity using Guid(24eebd703fe15d34997d9ce0f0ede08e) Importer(815301076,1909f56bfc062723c751e8b465ee728b)  -> (artifact id: 'e7edaba158c5ffe2c92a272805765783') in 0.007629 seconds
  Import took 0.017192 seconds .

========================================================================
Received Import Request.
  Time since last request: 3.260669 seconds.
  path: Assets/Scenes/Map.unity
  artifactKey: Guid(9fc0d4010bbf28b4594072e72b8655ab) Importer(815301076,1909f56bfc062723c751e8b465ee728b)
Start importing Assets/Scenes/Map.unity using Guid(9fc0d4010bbf28b4594072e72b8655ab) Importer(815301076,1909f56bfc062723c751e8b465ee728b)  -> (artifact id: 'dcff6a82e85055317204cb6e07243e05') in 0.005801 seconds
  Import took 0.014077 seconds .

========================================================================
Received Prepare
Refreshing native plugins compatible for Editor in 2.33 ms, found 0 plugins.
Preloading 0 native plugins for Editor in 0.00 ms.
Unloading 3 Unused Serialized files (Serialized files now loaded: 0)
System memory in use before: 40.5 MB.
System memory in use after: 40.6 MB.

Unloading 3 unused Assets to reduce memory usage. Loaded Objects now: 1631.
Total: 3.298800 ms (FindLiveObjects: 0.312900 ms CreateObjectMapping: 0.081900 ms MarkObjects: 2.812000 ms  DeleteObjects: 0.089000 ms)

========================================================================
Received Prepare
Refreshing native plugins compatible for Editor in 1.16 ms, found 0 plugins.
Preloading 0 native plugins for Editor in 0.00 ms.
Unloading 3 Unused Serialized files (Serialized files now loaded: 0)
System memory in use before: 40.5 MB.
System memory in use after: 40.6 MB.

Unloading 3 unused Assets to reduce memory usage. Loaded Objects now: 1631.
Total: 26.899500 ms (FindLiveObjects: 0.394600 ms CreateObjectMapping: 0.036900 ms MarkObjects: 26.364500 ms  DeleteObjects: 0.101300 ms)

========================================================================
Received Prepare
Registering precompiled user dll's ...
Registered in 0.000965 seconds.
Begin MonoManager ReloadAssembly
Native extension for WindowsStandalone target not found
Native extension for WebGL target not found
Refreshing native plugins compatible for Editor in 0.24 ms, found 0 plugins.
Preloading 0 native plugins for Editor in 0.00 ms.
Invoked RoslynAnalysisRunner static constructor.
RoslynAnalysisRunner will not be running.
RoslynAnalysisRunner has terminated.
Mono: successfully reloaded assembly
- Completed reload, in  0.990 seconds
Platform modules already initialized, skipping
Refreshing native plugins compatible for Editor in 0.25 ms, found 0 plugins.
Preloading 0 native plugins for Editor in 0.00 ms.
Unloading 1145 Unused Serialized files (Serialized files now loaded: 0)
System memory in use before: 63.2 MB.
System memory in use after: 63.3 MB.

Unloading 5 unused Assets to reduce memory usage. Loaded Objects now: 1634.
Total: 1.690600 ms (FindLiveObjects: 0.172800 ms CreateObjectMapping: 0.033800 ms MarkObjects: 1.386000 ms  DeleteObjects: 0.096000 ms)

========================================================================
Received Prepare
Refreshing native plugins compatible for Editor in 0.87 ms, found 0 plugins.
Preloading 0 native plugins for Editor in 0.00 ms.
Unloading 3 Unused Serialized files (Serialized files now loaded: 0)
System memory in use before: 40.5 MB.
System memory in use after: 40.6 MB.

Unloading 3 unused Assets to reduce memory usage. Loaded Objects now: 1634.
Total: 2.597900 ms (FindLiveObjects: 0.241000 ms CreateObjectMapping: 0.069900 ms MarkObjects: 2.218100 ms  DeleteObjects: 0.066900 ms)

========================================================================
Received Prepare
Refreshing native plugins compatible for Editor in 0.79 ms, found 0 plugins.
Preloading 0 native plugins for Editor in 0.00 ms.
Unloading 3 Unused Serialized files (Serialized files now loaded: 0)
System memory in use before: 40.5 MB.
System memory in use after: 40.6 MB.

Unloading 3 unused Assets to reduce memory usage. Loaded Objects now: 1634.
Total: 2.562500 ms (FindLiveObjects: 0.347500 ms CreateObjectMapping: 0.066300 ms MarkObjects: 2.053300 ms  DeleteObjects: 0.093500 ms)

